<?xml version="1.0" encoding="UTF-8"?>
<coverage generated="1778850471080" clover="3.2.0">
  <project timestamp="1778850471080" name="All files">
    <metrics statements="27" coveredstatements="27" conditionals="26" coveredconditionals="15" methods="10" coveredmethods="10" elements="63" coveredelements="52" complexity="0" loc="27" ncloc="27" packages="3" files="4" classes="4"/>
    <package name="src">
      <metrics statements="11" coveredstatements="11" conditionals="14" coveredconditionals="7" methods="3" coveredmethods="3"/>
      <file name="MyAwesomeName.tsx" path="/Users/mateosebastianchacontrelles/Desktop/dev/studies/react/02_first_steps/src/MyAwesomeName.tsx">
        <metrics statements="7" coveredstatements="7" conditionals="12" coveredconditionals="6" methods="1" coveredmethods="1"/>
        <line num="13" count="5" type="cond" truecount="1" falsecount="1"/>
        <line num="15" count="5" type="stmt"/>
        <line num="16" count="5" type="cond" truecount="1" falsecount="1"/>
        <line num="17" count="5" type="cond" truecount="1" falsecount="1"/>
        <line num="18" count="5" type="cond" truecount="1" falsecount="1"/>
        <line num="19" count="5" type="cond" truecount="2" falsecount="2"/>
        <line num="20" count="5" type="stmt"/>
      </file>
      <file name="MyFirstSteps.tsx" path="/Users/mateosebastianchacontrelles/Desktop/dev/studies/react/02_first_steps/src/MyFirstSteps.tsx">
        <metrics statements="4" coveredstatements="4" conditionals="2" coveredconditionals="1" methods="2" coveredmethods="2"/>
        <line num="4" count="2" type="stmt"/>
        <line num="23" count="32" type="cond" truecount="1" falsecount="1"/>
        <line num="25" count="8" type="stmt"/>
        <line num="42" count="8" type="stmt"/>
      </file>
    </package>
    <package name="src.helpers">
      <metrics statements="8" coveredstatements="8" conditionals="0" coveredconditionals="0" methods="4" coveredmethods="4"/>
      <file name="math.helpers.ts" path="/Users/mateosebastianchacontrelles/Desktop/dev/studies/react/02_first_steps/src/helpers/math.helpers.ts">
        <metrics statements="8" coveredstatements="8" conditionals="0" coveredconditionals="0" methods="4" coveredmethods="4"/>
        <line num="1" count="1" type="stmt"/>
        <line num="2" count="1" type="stmt"/>
        <line num="5" count="1" type="stmt"/>
        <line num="6" count="1" type="stmt"/>
        <line num="9" count="1" type="stmt"/>
        <line num="10" count="1" type="stmt"/>
        <line num="13" count="1" type="stmt"/>
        <line num="14" count="1" type="stmt"/>
      </file>
    </package>
    <package name="src.shop">
      <metrics statements="8" coveredstatements="8" conditionals="12" coveredconditionals="8" methods="3" coveredmethods="3"/>
      <file name="CounterItems.tsx" path="/Users/mateosebastianchacontrelles/Desktop/dev/studies/react/02_first_steps/src/shop/CounterItems.tsx">
        <metrics statements="8" coveredstatements="8" conditionals="12" coveredconditionals="8" methods="3" coveredmethods="3"/>
        <line num="4" count="28" type="stmt"/>
        <line num="5" count="28" type="cond" truecount="2" falsecount="0"/>
        <line num="8" count="28" type="cond" truecount="2" falsecount="0"/>
        <line num="9" count="28" type="cond" truecount="1" falsecount="1"/>
        <line num="11" count="28" type="stmt"/>
        <line num="12" count="28" type="stmt"/>
        <line num="13" count="28" type="cond" truecount="3" falsecount="3"/>
        <line num="14" count="28" type="stmt"/>
      </file>
    </package>
  </project>
</coverage>
