{"/Users/mateosebastianchacontrelles/Desktop/dev/studies/react/02_first_steps/src/MyAwesomeName.tsx": {"path":"/Users/mateosebastianchacontrelles/Desktop/dev/studies/react/02_first_steps/src/MyAwesomeName.tsx","statementMap":{"0":{"start":{"line":13,"column":13},"end":{"line":15,"column":null}},"1":{"start":{"line":13,"column":29},"end":{"line":13,"column":30}},"2":{"start":{"line":13,"column":30},"end":{"line":13,"column":60}},"3":{"start":{"line":13,"column":60},"end":{"line":16,"column":null}},"4":{"start":{"line":16,"column":6},"end":{"line":16,"column":null}},"5":{"start":{"line":16,"column":58},"end":{"line":16,"column":null}},"6":{"start":{"line":16,"column":58},"end":{"line":17,"column":null}},"7":{"start":{"line":17,"column":6},"end":{"line":17,"column":null}},"8":{"start":{"line":17,"column":20},"end":{"line":17,"column":null}},"9":{"start":{"line":17,"column":20},"end":{"line":18,"column":null}},"10":{"start":{"line":18,"column":6},"end":{"line":18,"column":null}},"11":{"start":{"line":18,"column":25},"end":{"line":18,"column":null}},"12":{"start":{"line":18,"column":25},"end":{"line":19,"column":null}},"13":{"start":{"line":19,"column":6},"end":{"line":19,"column":null}},"14":{"start":{"line":19,"column":22},"end":{"line":19,"column":null}},"15":{"start":{"line":19,"column":22},"end":{"line":20,"column":null}},"16":{"start":{"line":15,"column":4},"end":{"line":20,"column":null}},"17":{"start":{"line":20,"column":7},"end":{"line":20,"column":null}},"18":{"start":{"line":20,"column":7},"end":{"line":15,"column":null}}},"fnMap":{"0":{"name":"(anonymous_0)","decl":{"start":{"line":13,"column":13},"end":{"line":13,"column":29}},"loc":{"start":{"line":13,"column":29},"end":{"line":15,"column":null}},"line":13}},"branchMap":{"0":{"loc":{"start":{"line":13,"column":60},"end":{"line":16,"column":null}},"type":"if","locations":[{"start":{"line":13,"column":60},"end":{"line":16,"column":null}},{"start":{"line":16,"column":58},"end":{"line":16,"column":null}}],"line":13},"1":{"loc":{"start":{"line":16,"column":58},"end":{"line":17,"column":null}},"type":"if","locations":[{"start":{"line":16,"column":58},"end":{"line":17,"column":null}},{"start":{"line":17,"column":20},"end":{"line":17,"column":null}}],"line":16},"2":{"loc":{"start":{"line":17,"column":20},"end":{"line":18,"column":null}},"type":"if","locations":[{"start":{"line":17,"column":20},"end":{"line":18,"column":null}},{"start":{"line":18,"column":25},"end":{"line":18,"column":null}}],"line":17},"3":{"loc":{"start":{"line":18,"column":25},"end":{"line":19,"column":null}},"type":"if","locations":[{"start":{"line":18,"column":25},"end":{"line":19,"column":null}},{"start":{"line":19,"column":22},"end":{"line":19,"column":null}}],"line":18},"4":{"loc":{"start":{"line":19,"column":22},"end":{"line":20,"column":null}},"type":"if","locations":[{"start":{"line":19,"column":22},"end":{"line":20,"column":null}},{"start":{"line":20,"column":7},"end":{"line":20,"column":null}}],"line":19},"5":{"loc":{"start":{"line":19,"column":22},"end":{"line":19,"column":null}},"type":"binary-expr","locations":[{"start":{"line":19,"column":22},"end":{"line":19,"column":null}},{"start":{"line":19,"column":22},"end":{"line":19,"column":null}}],"line":19}},"s":{"0":1,"1":5,"2":5,"3":5,"4":5,"5":0,"6":5,"7":5,"8":0,"9":5,"10":5,"11":0,"12":5,"13":5,"14":0,"15":5,"16":5,"17":0,"18":5},"f":{"0":5},"b":{"0":[5,0],"1":[5,0],"2":[5,0],"3":[5,0],"4":[5,0],"5":[5,0]},"meta":{"lastBranch":6,"lastFunction":1,"lastStatement":19,"seen":{"s:13:13:15:Infinity":0,"f:13:13:13:29":0,"s:13:29:13:30":1,"s:13:30:13:60":2,"b:13:60:16:Infinity:16:58:16:Infinity":0,"s:13:60:16:Infinity":3,"s:16:6:16:Infinity":4,"s:16:58:16:Infinity":5,"b:16:58:17:Infinity:17:20:17:Infinity":1,"s:16:58:17:Infinity":6,"s:17:6:17:Infinity":7,"s:17:20:17:Infinity":8,"b:17:20:18:Infinity:18:25:18:Infinity":2,"s:17:20:18:Infinity":9,"s:18:6:18:Infinity":10,"s:18:25:18:Infinity":11,"b:18:25:19:Infinity:19:22:19:Infinity":3,"s:18:25:19:Infinity":12,"s:19:6:19:Infinity":13,"s:19:22:19:Infinity":14,"b:19:22:20:Infinity:20:7:20:Infinity":4,"s:19:22:20:Infinity":15,"b:19:22:19:Infinity:19:22:19:Infinity":5,"s:15:4:20:Infinity":16,"s:20:7:20:Infinity":17,"s:20:7:15:Infinity":18}}}
,"/Users/mateosebastianchacontrelles/Desktop/dev/studies/react/02_first_steps/src/MyFirstSteps.tsx": {"path":"/Users/mateosebastianchacontrelles/Desktop/dev/studies/react/02_first_steps/src/MyFirstSteps.tsx","statementMap":{"0":{"start":{"line":4,"column":29},"end":{"line":21,"column":null}},"1":{"start":{"line":23,"column":13},"end":{"line":25,"column":null}},"2":{"start":{"line":23,"column":28},"end":{"line":23,"column":null}},"3":{"start":{"line":23,"column":28},"end":{"line":42,"column":null}},"4":{"start":{"line":25,"column":4},"end":{"line":42,"column":null}},"5":{"start":{"line":42,"column":14},"end":{"line":42,"column":null}},"6":{"start":{"line":42,"column":14},"end":{"line":25,"column":null}},"7":{"start":{"line":23,"column":28},"end":{"line":39,"column":null}}},"fnMap":{"0":{"name":"(anonymous_0)","decl":{"start":{"line":23,"column":13},"end":{"line":23,"column":28}},"loc":{"start":{"line":23,"column":28},"end":{"line":25,"column":null}},"line":23},"1":{"name":"_temp","decl":{"start":{"line":23,"column":28},"end":{"line":23,"column":null}},"loc":{"start":{"line":23,"column":28},"end":{"line":39,"column":null}},"line":23}},"branchMap":{"0":{"loc":{"start":{"line":23,"column":28},"end":{"line":42,"column":null}},"type":"if","locations":[{"start":{"line":23,"column":28},"end":{"line":42,"column":null}},{"start":{"line":42,"column":14},"end":{"line":42,"column":null}}],"line":23}},"s":{"0":2,"1":2,"2":8,"3":8,"4":8,"5":0,"6":8,"7":32},"f":{"0":8,"1":32},"b":{"0":[8,0]},"meta":{"lastBranch":1,"lastFunction":2,"lastStatement":8,"seen":{"s:4:29:21:Infinity":0,"s:23:13:25:Infinity":1,"f:23:13:23:28":0,"s:23:28:23:Infinity":2,"b:23:28:42:Infinity:42:14:42:Infinity":0,"s:23:28:42:Infinity":3,"s:25:4:42:Infinity":4,"s:42:14:42:Infinity":5,"s:42:14:25:Infinity":6,"f:23:28:23:Infinity":1,"s:23:28:39:Infinity":7}}}
,"/Users/mateosebastianchacontrelles/Desktop/dev/studies/react/02_first_steps/src/helpers/math.helpers.ts": {"path":"/Users/mateosebastianchacontrelles/Desktop/dev/studies/react/02_first_steps/src/helpers/math.helpers.ts","statementMap":{"0":{"start":{"line":1,"column":13},"end":{"line":2,"column":null}},"1":{"start":{"line":2,"column":2},"end":{"line":2,"column":null}},"2":{"start":{"line":5,"column":13},"end":{"line":6,"column":null}},"3":{"start":{"line":6,"column":2},"end":{"line":6,"column":null}},"4":{"start":{"line":9,"column":13},"end":{"line":10,"column":null}},"5":{"start":{"line":10,"column":2},"end":{"line":10,"column":null}},"6":{"start":{"line":13,"column":13},"end":{"line":14,"column":null}},"7":{"start":{"line":14,"column":2},"end":{"line":14,"column":null}}},"fnMap":{"0":{"name":"(anonymous_0)","decl":{"start":{"line":1,"column":13},"end":{"line":1,"column":20}},"loc":{"start":{"line":1,"column":53},"end":{"line":2,"column":null}},"line":1},"1":{"name":"(anonymous_1)","decl":{"start":{"line":5,"column":13},"end":{"line":5,"column":25}},"loc":{"start":{"line":5,"column":58},"end":{"line":6,"column":null}},"line":5},"2":{"name":"(anonymous_2)","decl":{"start":{"line":9,"column":13},"end":{"line":9,"column":25}},"loc":{"start":{"line":9,"column":58},"end":{"line":10,"column":null}},"line":9},"3":{"name":"(anonymous_3)","decl":{"start":{"line":13,"column":13},"end":{"line":13,"column":24}},"loc":{"start":{"line":13,"column":57},"end":{"line":14,"column":null}},"line":13}},"branchMap":{},"s":{"0":1,"1":1,"2":1,"3":1,"4":1,"5":1,"6":1,"7":1},"f":{"0":1,"1":1,"2":1,"3":1},"b":{},"meta":{"lastBranch":0,"lastFunction":4,"lastStatement":8,"seen":{"s:1:13:2:Infinity":0,"f:1:13:1:20":0,"s:2:2:2:Infinity":1,"s:5:13:6:Infinity":2,"f:5:13:5:25":1,"s:6:2:6:Infinity":3,"s:9:13:10:Infinity":4,"f:9:13:9:25":2,"s:10:2:10:Infinity":5,"s:13:13:14:Infinity":6,"f:13:13:13:24":3,"s:14:2:14:Infinity":7}}}
,"/Users/mateosebastianchacontrelles/Desktop/dev/studies/react/02_first_steps/src/shop/CounterItems.tsx": {"path":"/Users/mateosebastianchacontrelles/Desktop/dev/studies/react/02_first_steps/src/shop/CounterItems.tsx","statementMap":{"0":{"start":{"line":4,"column":13},"end":{"line":8,"column":20}},"1":{"start":{"line":4,"column":28},"end":{"line":4,"column":29}},"2":{"start":{"line":4,"column":29},"end":{"line":4,"column":null}},"3":{"start":{"line":5,"column":2},"end":{"line":5,"column":46}},"4":{"start":{"line":5,"column":47},"end":{"line":8,"column":null}},"5":{"start":{"line":8,"column":20},"end":{"line":8,"column":null}},"6":{"start":{"line":8,"column":48},"end":{"line":8,"column":null}},"7":{"start":{"line":8,"column":48},"end":{"line":9,"column":null}},"8":{"start":{"line":9,"column":6},"end":{"line":9,"column":null}},"9":{"start":{"line":9,"column":28},"end":{"line":9,"column":null}},"10":{"start":{"line":9,"column":28},"end":{"line":13,"column":null}},"11":{"start":{"line":11,"column":6},"end":{"line":11,"column":null}},"12":{"start":{"line":11,"column":29},"end":{"line":11,"column":47}},"13":{"start":{"line":12,"column":6},"end":{"line":12,"column":null}},"14":{"start":{"line":13,"column":6},"end":{"line":13,"column":null}},"15":{"start":{"line":13,"column":29},"end":{"line":13,"column":47}},"16":{"start":{"line":13,"column":67},"end":{"line":13,"column":null}},"17":{"start":{"line":13,"column":67},"end":{"line":14,"column":null}},"18":{"start":{"line":8,"column":4},"end":{"line":13,"column":23}},"19":{"start":{"line":14,"column":14},"end":{"line":14,"column":null}},"20":{"start":{"line":14,"column":14},"end":{"line":8,"column":20}}},"fnMap":{"0":{"name":"(anonymous_0)","decl":{"start":{"line":4,"column":13},"end":{"line":4,"column":28}},"loc":{"start":{"line":4,"column":28},"end":{"line":8,"column":20}},"line":4},"1":{"name":"(anonymous_1)","decl":{"start":{"line":11,"column":23},"end":{"line":11,"column":29}},"loc":{"start":{"line":11,"column":29},"end":{"line":11,"column":47}},"line":11},"2":{"name":"(anonymous_2)","decl":{"start":{"line":13,"column":23},"end":{"line":13,"column":29}},"loc":{"start":{"line":13,"column":29},"end":{"line":13,"column":47}},"line":13}},"branchMap":{"0":{"loc":{"start":{"line":5,"column":47},"end":{"line":8,"column":null}},"type":"if","locations":[{"start":{"line":5,"column":47},"end":{"line":8,"column":null}},{"start":{"line":8,"column":48},"end":{"line":8,"column":null}}],"line":5},"1":{"loc":{"start":{"line":8,"column":48},"end":{"line":9,"column":null}},"type":"if","locations":[{"start":{"line":8,"column":48},"end":{"line":9,"column":null}},{"start":{"line":9,"column":28},"end":{"line":9,"column":null}}],"line":8},"2":{"loc":{"start":{"line":9,"column":28},"end":{"line":13,"column":null}},"type":"if","locations":[{"start":{"line":9,"column":28},"end":{"line":13,"column":null}},{"start":{"line":13,"column":67},"end":{"line":13,"column":null}}],"line":9},"3":{"loc":{"start":{"line":13,"column":67},"end":{"line":14,"column":null}},"type":"if","locations":[{"start":{"line":13,"column":67},"end":{"line":14,"column":null}},{"start":{"line":14,"column":14},"end":{"line":14,"column":null}}],"line":13},"4":{"loc":{"start":{"line":13,"column":67},"end":{"line":13,"column":null}},"type":"binary-expr","locations":[{"start":{"line":13,"column":67},"end":{"line":13,"column":null}},{"start":{"line":13,"column":67},"end":{"line":13,"column":null}},{"start":{"line":13,"column":67},"end":{"line":13,"column":null}},{"start":{"line":13,"column":67},"end":{"line":13,"column":null}}],"line":13}},"s":{"0":2,"1":28,"2":28,"3":28,"4":28,"5":25,"6":3,"7":28,"8":25,"9":3,"10":28,"11":28,"12":1,"13":28,"14":28,"15":2,"16":0,"17":28,"18":28,"19":0,"20":28},"f":{"0":28,"1":1,"2":2},"b":{"0":[25,3],"1":[25,3],"2":[28,0],"3":[28,0],"4":[28,3,0,0]},"meta":{"lastBranch":5,"lastFunction":3,"lastStatement":21,"seen":{"s:4:13:8:20":0,"f:4:13:4:28":0,"s:4:28:4:29":1,"s:4:29:4:Infinity":2,"s:5:2:5:46":3,"b:5:47:8:Infinity:8:48:8:Infinity":0,"s:5:47:8:Infinity":4,"s:8:20:8:Infinity":5,"s:8:48:8:Infinity":6,"b:8:48:9:Infinity:9:28:9:Infinity":1,"s:8:48:9:Infinity":7,"s:9:6:9:Infinity":8,"s:9:28:9:Infinity":9,"b:9:28:13:Infinity:13:67:13:Infinity":2,"s:9:28:13:Infinity":10,"s:11:6:11:Infinity":11,"f:11:23:11:29":1,"s:11:29:11:47":12,"s:12:6:12:Infinity":13,"s:13:6:13:Infinity":14,"f:13:23:13:29":2,"s:13:29:13:47":15,"s:13:67:13:Infinity":16,"b:13:67:14:Infinity:14:14:14:Infinity":3,"s:13:67:14:Infinity":17,"b:13:67:13:Infinity:13:67:13:Infinity:13:67:13:Infinity:13:67:13:Infinity":4,"s:8:4:13:23":18,"s:14:14:14:Infinity":19,"s:14:14:8:20":20}}}
}
